#
# A fatal error has been detected by the Java Runtime Environment:
#
#  Internal Error (virtualspace.cpp:114), pid=5036, tid=3500
#  fatal error: os::release_memory failed
#
# JRE version:  (7.0_55-b13) (build )
# Java VM: Java HotSpot(TM) Client VM (24.55-b03 mixed mode windows-x86 )
# Failed to write core dump. Minidumps are not enabled by default on client versions of Windows
#
# If you would like to submit a bug report, please visit:
#   http://bugreport.sun.com/bugreport/crash.jsp
#

---------------  T H R E A D  ---------------

Current thread (0x003ea000):  JavaThread "Unknown thread" [_thread_in_vm, id=3500, stack(0x00910000,0x00960000)]

Stack: [0x00910000,0x00960000],  sp=0x0095f90c,  free space=318k
Native frames: (J=compiled Java code, j=interpreted, Vv=VM code, C=native code)
V  [jvm.dll+0x18e051]
V  [jvm.dll+0x187dd6]
V  [jvm.dll+0x16416c]
V  [jvm.dll+0x16461b]
V  [jvm.dll+0x89a66]
V  [jvm.dll+0x87546]
V  [jvm.dll+0x86262]
V  [jvm.dll+0x90603]
V  [jvm.dll+0x13db04]
V  [jvm.dll+0x1606ac]
V  [jvm.dll+0xc8e1f]
C  [java.exe+0x13c1]
C  [java.exe+0x1e33]
C  [java.exe+0xa591]
C  [java.exe+0xa61b]
C  [kernel32.dll+0xb729]


---------------  P R O C E S S  ---------------

Java Threads: ( => current thread )

Other Threads:

=>0x003ea000 (exited) JavaThread "Unknown thread" [_thread_in_vm, id=3500, stack(0x00910000,0x00960000)]

VM state:not at safepoint (not fully initialized)

VM Mutex/Monitor currently owned by a thread: None

GC Heap History (0 events):
No events

Deoptimization events (0 events):
No events

Internal exceptions (0 events):
No events

Events (0 events):
No events


Dynamic libraries:
0x00400000 - 0x0042f000 	C:\Program Files\Java\jdk1.7.0_55\jre\bin\java.exe
0x7c900000 - 0x7c9b2000 	C:\WINDOWS\system32\ntdll.dll
0x7c800000 - 0x7c8f6000 	C:\WINDOWS\system32\kernel32.dll
0x77dd0000 - 0x77e6b000 	C:\WINDOWS\system32\ADVAPI32.dll
0x77e70000 - 0x77f03000 	C:\WINDOWS\system32\RPCRT4.dll
0x77fe0000 - 0x77ff1000 	C:\WINDOWS\system32\Secur32.dll
0x7e410000 - 0x7e4d6000 	C:\WINDOWS\system32\USER32.dll
0x77f10000 - 0x77f59000 	C:\WINDOWS\system32\GDI32.dll
0x773d0000 - 0x774d3000 	C:\WINDOWS\WinSxS\x86_Microsoft.Windows.Common-Controls_6595b64144ccf1df_6.0.2600.6028_x-ww_61e65202\COMCTL32.dll
0x77c10000 - 0x77c68000 	C:\WINDOWS\system32\msvcrt.dll
0x77f60000 - 0x77fd6000 	C:\WINDOWS\system32\SHLWAPI.dll
0x76390000 - 0x763ad000 	C:\WINDOWS\system32\IMM32.DLL
0x629c0000 - 0x629c9000 	C:\WINDOWS\system32\LPK.DLL
0x74d90000 - 0x74dfb000 	C:\WINDOWS\system32\USP10.dll
0x78aa0000 - 0x78b5f000 	C:\Program Files\Java\jdk1.7.0_55\jre\bin\msvcr100.dll
0x6e8a0000 - 0x6ec20000 	C:\Program Files\Java\jdk1.7.0_55\jre\bin\client\jvm.dll
0x71ad0000 - 0x71ad9000 	C:\WINDOWS\system32\WSOCK32.dll
0x71ab0000 - 0x71ac7000 	C:\WINDOWS\system32\WS2_32.dll
0x71aa0000 - 0x71aa8000 	C:\WINDOWS\system32\WS2HELP.dll
0x76b40000 - 0x76b6d000 	C:\WINDOWS\system32\WINMM.dll
0x76bf0000 - 0x76bfb000 	C:\WINDOWS\system32\PSAPI.DLL
0x6e7f0000 - 0x6e7fc000 	C:\Program Files\Java\jdk1.7.0_55\jre\bin\verify.dll
0x6d590000 - 0x6d5b0000 	C:\Program Files\Java\jdk1.7.0_55\jre\bin\java.dll
0x6e880000 - 0x6e893000 	C:\Program Files\Java\jdk1.7.0_55\jre\bin\zip.dll
0x59a60000 - 0x59b01000 	C:\WINDOWS\system32\dbghelp.dll
0x77c00000 - 0x77c08000 	C:\WINDOWS\system32\VERSION.dll

VM Arguments:
java_command: org.netbeans.modules.web.project.ant.JspCSingle -uriroot D:\hoc tap\Project\HFIS-C1207G-SEM4-G1\eProjectSem4\WorkToWorker\build\web -d D:\hoc tap\Project\HFIS-C1207G-SEM4-G1\eProjectSem4\WorkToWorker\build\generated\src -die1 -schemas /resources/schemas/ -dtds /resources/dtds/ -sysClasspath C:\Program Files\NetBeans 7.4\extide\ant\lib\ant.jar;C:\Program Files\NetBeans 7.4\enterprise\modules\ext\servlet3.1-jsp2.3-api.jar;C:\Program Files\NetBeans 7.4\enterprise\modules\ext\glassfish-jspparser-4.0.jar;C:\Program Files\NetBeans 7.4\enterprise\modules\ext\jstl-impl.jar;C:\Program Files\NetBeans 7.4\enterprise\modules\ext\jsf-2_2\javax.faces.jar -jspc.files D:\hoc tap\Project\HFIS-C1207G-SEM4-G1\eProjectSem4\WorkToWorker\build\web\showorder.jsp -compilerSourceVM 1.6 -compilerTargetVM 1.6 -javaEncoding UTF-8
Launcher Type: SUN_STANDARD

Environment Variables:
PATH=C:\Program Files\NVIDIA Corporation\PhysX\Common;C:\WINDOWS\system32;C:\WINDOWS;C:\WINDOWS\System32\Wbem;c:\Program Files\Microsoft SQL Server\100\Tools\Binn\;c:\Program Files\Microsoft SQL Server\100\DTS\Binn\;C:\WINDOWS\system32\WindowsPowerShell\v1.0;c:\Program Files\Microsoft SQL Server\100\Tools\Binn\VSShell\Common7\IDE\
USERNAME=Admin
OS=Windows_NT
PROCESSOR_IDENTIFIER=x86 Family 15 Model 4 Stepping 7, GenuineIntel



---------------  S Y S T E M  ---------------

OS: Windows XP Build 2600 Service Pack 3

CPU:total 2 (2 cores per cpu, 1 threads per core) family 15 model 4 stepping 7, cmov, cx8, fxsr, mmx, sse, sse2, sse3, tsc

Memory: 4k page, physical 2096620k(221756k free), swap 1939932k(5340k free)

vm_info: Java HotSpot(TM) Client VM (24.55-b03) for windows-x86 JRE (1.7.0_55-b13), built on Mar 17 2014 20:01:11 by "java_re" with unknown MS VC++:1600

time: Mon Jun 30 09:18:25 2014
elapsed time: 0 seconds

